<?xml version="1.0" encoding="UTF-8"?>
<!-- Generated by org.testng.reporters.JUnitReportReporter -->
<testsuite hostname="C3LAP243" failures="0" tests="1" name="testCases.TestLogin" time="20.947" errors="0" timestamp="2021-01-18T17:58:59 IST" skipped="0">
  <testcase classname="testCases.TestLogin" name="loginpage" time="20.947"/>
  <system-out/>
</testsuite> <!-- testCases.TestLogin -->
